<?xml version="1.0" encoding="UTF-8"?>
<!-- Generated by org.testng.reporters.JUnitReportReporter -->
<testsuite skipped="0" hostname="dwarakamayicsk" name="com.bin.InterfaceTest.TaskListTest" tests="20" failures="0" timestamp="14 Oct 2018 23:27:11 GMT" time="230.299" errors="0">
  <testcase name="createTaskWithOutAssigningCatergoryTest" time="9.780" classname="com.bin.InterfaceTest.TaskListTest"/>
  <testcase name="createDuplicateTaskTest" time="10.192" classname="com.bin.InterfaceTest.TaskListTest"/>
  <testcase name="createTaskWithCatergoryAndNoDueDateTest" time="10.389" classname="com.bin.InterfaceTest.TaskListTest"/>
  <testcase name="createTaskWithCatergoryAndFutureDueDateTest" time="24.176" classname="com.bin.InterfaceTest.TaskListTest"/>
  <testcase name="createTaskWithNoCatergoryAndFutureDueDateTest" time="10.154" classname="com.bin.InterfaceTest.TaskListTest"/>
  <testcase name="createTaskWithCatergoryAndPreviousDueDateTest" time="11.307" classname="com.bin.InterfaceTest.TaskListTest"/>
  <testcase name="removeTaskTest" time="10.904" classname="com.bin.InterfaceTest.TaskListTest"/>
  <testcase name="removeMultipleTasksTest" time="12.603" classname="com.bin.InterfaceTest.TaskListTest"/>
  <testcase name="createTaskWithNoCatergoryAndInvalidDueDateTest" time="10.028" classname="com.bin.InterfaceTest.TaskListTest"/>
  <testcase name="inspectCompletedTaskWithNoCategoryWithDateTest" time="10.105" classname="com.bin.InterfaceTest.TaskListTest"/>
  <testcase name="inspectCompletedTaskWithCategoryWithDateTest" time="14.211" classname="com.bin.InterfaceTest.TaskListTest"/>
  <testcase name="inspectToggleAllTest" time="10.179" classname="com.bin.InterfaceTest.TaskListTest"/>
  <testcase name="inspectUnToggleAllTest" time="9.345" classname="com.bin.InterfaceTest.TaskListTest"/>
  <testcase name="addSimpleCategoryTest" time="9.244" classname="com.bin.InterfaceTest.TaskListTest"/>
  <testcase name="addCategoryWithColorToAnotherCategoryRenameTest" time="10.271" classname="com.bin.InterfaceTest.TaskListTest"/>
  <testcase name="addCategoryWithColorToAnotherCategoryReplaceTest" time="10.781" classname="com.bin.InterfaceTest.TaskListTest"/>
  <testcase name="addCategoryWithColorToAnotherCategoryNeverMindTest" time="10.070" classname="com.bin.InterfaceTest.TaskListTest"/>
  <testcase name="removeCategoryTest" time="9.509" classname="com.bin.InterfaceTest.TaskListTest"/>
  <testcase name="inspectTasksIfCategoryIsRenamedTest" time="14.584" classname="com.bin.InterfaceTest.TaskListTest"/>
  <testcase name="inspectTasksIfCategoryIsReplacedTest" time="12.467" classname="com.bin.InterfaceTest.TaskListTest"/>
</testsuite> <!-- com.bin.InterfaceTest.TaskListTest -->
