<?xml version="1.0" encoding="UTF-8"?>
<!-- Generated by org.testng.reporters.JUnitReportReporter -->
<testsuite skipped="0" hostname="dwarakamayicsk" name="com.bin.InterfaceTest.TaskUpdateTest" tests="8" failures="0" timestamp="14 Oct 2018 23:27:11 GMT" time="95.431" errors="0">
  <testcase name="inspectTaskDetailsInUpdatePageTest" time="11.277" classname="com.bin.InterfaceTest.TaskUpdateTest"/>
  <testcase name="inspectTaskDetailsInUpdatePageWithNoCategoryTest" time="13.770" classname="com.bin.InterfaceTest.TaskUpdateTest"/>
  <testcase name="inspectTaskDetailsInUpdatePageWithNoDueDateTest" time="13.260" classname="com.bin.InterfaceTest.TaskUpdateTest"/>
  <testcase name="inspectTaskDetailsInUpdatePageNoCategoryAndNoDueDateTest" time="10.507" classname="com.bin.InterfaceTest.TaskUpdateTest"/>
  <testcase name="updateTaskNameTest" time="12.439" classname="com.bin.InterfaceTest.TaskUpdateTest"/>
  <testcase name="updateTaskByCategoryTest" time="13.522" classname="com.bin.InterfaceTest.TaskUpdateTest"/>
  <testcase name="updateTaskByPreviousDueDateTest" time="9.165" classname="com.bin.InterfaceTest.TaskUpdateTest"/>
  <testcase name="updateTaskWithCategoryByPreviousDueDateTest" time="11.491" classname="com.bin.InterfaceTest.TaskUpdateTest"/>
</testsuite> <!-- com.bin.InterfaceTest.TaskUpdateTest -->
