<?xml version="1.0" encoding="UTF-8"?>
<!-- Generated by org.testng.reporters.JUnitReportReporter -->
<testsuite skipped="0" hostname="dwarakamayicsk" name="com.bin.APITestPackage.DotAPITest" tests="7" failures="0" timestamp="14 Oct 2018 23:27:11 GMT" time="3.260" errors="0">
  <testcase name="serviceStatusTest" time="2.979" classname="com.bin.APITestPackage.DotAPITest"/>
  <testcase name="tasksCountthoseHaveCatergoryTest" time="0.094" classname="com.bin.APITestPackage.DotAPITest"/>
  <testcase name="printTaskNamesTest" time="0.031" classname="com.bin.APITestPackage.DotAPITest"/>
  <testcase name="printTaskBasedOnDueDateDescTest" time="0.047" classname="com.bin.APITestPackage.DotAPITest"/>
  <testcase name="countTaskNamesTest" time="0.031" classname="com.bin.APITestPackage.DotAPITest"/>
  <testcase name="validateAllValuesAreReturnedTest" time="0.047" classname="com.bin.APITestPackage.DotAPITest"/>
  <testcase name="allCompletedTasksTest" time="0.031" classname="com.bin.APITestPackage.DotAPITest"/>
</testsuite> <!-- com.bin.APITestPackage.DotAPITest -->
